<?xml version="1.0" encoding="UTF-8"?>
<testng-results ignored="0" total="1" passed="1" failed="0" skipped="0">
  <reporter-output>
  </reporter-output>
  <suite started-at="2023-12-16T13:14:26 IST" name="Default suite" finished-at="2023-12-16T13:14:38 IST" duration-ms="11820">
    <groups>
    </groups>
    <test started-at="2023-12-16T13:14:26 IST" name="Default test" finished-at="2023-12-16T13:14:38 IST" duration-ms="11820">
      <class name="driverFactory.DriverScript">
        <test-method signature="starTest()[pri:0, instance:driverFactory.DriverScript@54a7079e]" started-at="2023-12-16T13:14:26 IST" name="starTest" finished-at="2023-12-16T13:14:38 IST" duration-ms="11780" status="PASS">
          <reporter-output>
          </reporter-output>
        </test-method> <!-- starTest -->
      </class> <!-- driverFactory.DriverScript -->
    </test> <!-- Default test -->
  </suite> <!-- Default suite -->
</testng-results>
